<?xml version="1.0" encoding="UTF-8"?>
<!-- Generated by org.testng.reporters.JUnitReportReporter -->
<testsuite skipped="0" hostname="talha" name="Basepackage.Testbase" tests="1" failures="0" timestamp="2022-02-08T13:50:16 EST" time="25.660" errors="0">
  <testcase name="test" time="25.660" classname="Basepackage.Testbase"/>
  <system-out/>
</testsuite> <!-- Basepackage.Testbase -->
